<?xml version="1.0" encoding="UTF-8"?>
<testsuite name="SILab2Test" tests="2" skipped="0" failures="0" errors="0" timestamp="2023-05-31T16:18:22" hostname="BOJANA" time="0.025">
  <properties/>
  <testcase name="multipleCondition()" classname="SILab2Test" time="0.021"/>
  <testcase name="testEveryBranch()" classname="SILab2Test" time="0.003"/>
  <system-out><![CDATA[]]></system-out>
  <system-err><![CDATA[]]></system-err>
</testsuite>
